<?xml version="1.0" encoding="UTF-8"?>
<robot generator="Robot 7.1 (Python 3.12.6 on win32)" generated="2025-04-01T15:20:57.213342" rpa="false" schemaversion="5">
<suite id="s1" name="Tests" source="C:\Users\leonardo.fidelis\OneDrive - Valtech\Documents\rf_browser_poc\tests">
<suite id="s1-s1" name="Ecommerce-Poc" source="C:\Users\leonardo.fidelis\OneDrive - Valtech\Documents\rf_browser_poc\tests\ecommerce-poc.robot">
<test id="s1-s1-t1" name="Successful login Automation Exercise Website" line="6">
<kw name="Open web browser" owner="ecommerce-poc">
<kw name="New Browser" owner="Browser">
<msg time="2025-04-01T15:20:57.606048" level="INFO">{"browser": "chromium", "headless": false, "chromiumSandbox": false, "devtools": false, "handleSIGHUP": true, "handleSIGINT": true, "handleSIGTERM": true, "slowMo": 0.0, "timeout": 30000.0, "tracesDir": "C:\\Users\\leonardo.fidelis\\OneDrive - Valtech\\Documents\\rf_browser_poc\\browser\\traces\\temp\\5b2c3940-82c6-4b67-af4d-5abdc38780dc"}</msg>
<msg time="2025-04-01T15:20:57.639752" level="INFO">Starting Browser process C:\Users\leonardo.fidelis\AppData\Local\Programs\Python\Python312\Lib\site-packages\Browser\wrapper\index.js using port 64631</msg>
<msg time="2025-04-01T15:20:57.639752" level="INFO">Node startup parameters: ['node', 'C:\\Users\\leonardo.fidelis\\AppData\\Local\\Programs\\Python\\Python312\\Lib\\site-packages\\Browser\\wrapper\\index.js', '64631']</msg>
<msg time="2025-04-01T15:20:58.401291" level="INFO">Successfully created browser with options: {"browser":"chromium","headless":false,"chromiumSandbox":false,"devtools":false,"handleSIGHUP":true,"handleSIGINT":true,"handleSIGTERM":true,"slowMo":0,"timeout":30000,"tracesDir":"C:\\Users\\leonardo.fidelis\\OneDrive - Valtech\\Documents\\rf_browser_poc\\browser\\traces\\temp\\5b2c3940-82c6-4b67-af4d-5abdc38780dc"}</msg>
<arg>browser=${BROWSER}</arg>
<arg>headless=${HEADLESS}</arg>
<tag>BrowserControl</tag>
<tag>Setter</tag>
<doc>Create a new playwright Browser with specified options.</doc>
<status status="PASS" start="2025-04-01T15:20:57.606048" elapsed="0.795243"/>
</kw>
<kw name="Uuid 4" owner="FakerLibrary">
<msg time="2025-04-01T15:20:58.402235" level="INFO">${TRACE_NAME} = cfd393cc-f660-4587-9e82-bea363063dc4</msg>
<var>${TRACE_NAME}</var>
<doc>Generate a random UUID4 object and cast it to another type if specified using a callable ``cast_to``.</doc>
<status status="PASS" start="2025-04-01T15:20:58.401838" elapsed="0.000397"/>
</kw>
<kw name="Get Current Date" owner="DateTime">
<msg time="2025-04-01T15:20:58.402235" level="INFO">${NOW} = 01-04-2025_152058</msg>
<var>${NOW}</var>
<arg>result_format=%d-%m-%Y_%H%M%S</arg>
<doc>Returns current local or UTC time with an optional increment.</doc>
<status status="PASS" start="2025-04-01T15:20:58.402235" elapsed="0.000000"/>
</kw>
<kw name="Create Dictionary" owner="BuiltIn">
<msg time="2025-04-01T15:20:58.402927" level="INFO">&amp;{recordVideo} = { dir=C:\Users\leonardo.fidelis\OneDrive - Valtech\Documents\rf_browser_poc/evidencies/videos/01-04-2025_152058 }</msg>
<var>&amp;{recordVideo}</var>
<arg>dir=${OUTPUT_DIR}/evidencies/videos/${NOW}</arg>
<doc>Creates and returns a dictionary based on the given ``items``.</doc>
<status status="PASS" start="2025-04-01T15:20:58.402235" elapsed="0.000692"/>
</kw>
<kw name="New Context" owner="Browser">
<msg time="2025-04-01T15:20:58.405090" level="INFO">{
  "acceptDownloads": true,
  "bypassCSP": false,
  "forcedColors": "none",
  "ignoreHTTPSErrors": false,
  "javaScriptEnabled": true,
  "offline": false,
  "recordVideo": {
    "dir": "C:\\Users\\leonardo.fidelis\\OneDrive - Valtech\\Documents\\rf_browser_poc\\evidencies\\videos\\01-04-2025_152058",
    "size": {
      "width": 1200,
      "height": 800
    }
  },
  "reducedMotion": "no-preference",
  "serviceWorkers": "allow",
  "tracing": "C:\\Users\\leonardo.fidelis\\OneDrive - Valtech\\Documents\\rf_browser_poc/evidencies/traces/01-04-2025_152058/cfd393cc-f660-4587-9e82-bea363063dc4.zip",
  "viewport": {
    "width": 1200,
    "height": 800
  }
}</msg>
<msg time="2025-04-01T15:20:58.431667" level="INFO">Successfully created context and trace file will be saved to: C:\Users\leonardo.fidelis\OneDrive - Valtech\Documents\rf_browser_poc\evidencies\traces\01-04-2025_152058\cfd393cc-f660-4587-9e82-bea363063dc4.zip</msg>
<msg time="2025-04-01T15:20:58.431667" level="INFO">{'acceptDownloads': True, 'bypassCSP': False, 'forcedColors': 'none', 'ignoreHTTPSErrors': False, 'javaScriptEnabled': True, 'offline': False, 'recordVideo': {'dir': 'C:\\Users\\leonardo.fidelis\\OneDrive - Valtech\\Documents\\rf_browser_poc\\evidencies\\videos\\01-04-2025_152058', 'size': {'width': 1200, 'height': 800}}, 'reducedMotion': 'no-preference', 'serviceWorkers': 'allow', 'tracing': 'C:\\Users\\leonardo.fidelis\\OneDrive - Valtech\\Documents\\rf_browser_poc/evidencies/traces/01-04-2025_152058/cfd393cc-f660-4587-9e82-bea363063dc4.zip', 'viewport': {'width': 1200, 'height': 800}, 'trace': {'screenshots': True, 'snapshots': True}}</msg>
<arg>viewport={'width': 1200, 'height': 800}</arg>
<arg>tracing=${OUTPUT_DIR}/evidencies/traces/${NOW}/${TRACE_NAME}.zip</arg>
<arg>recordVideo=${recordVideo}</arg>
<tag>BrowserControl</tag>
<tag>Setter</tag>
<doc>Create a new BrowserContext with specified options.</doc>
<status status="PASS" start="2025-04-01T15:20:58.402927" elapsed="0.029757"/>
</kw>
<status status="PASS" start="2025-04-01T15:20:57.606048" elapsed="0.833069"/>
</kw>
<kw name="Go to ecommerce website" owner="ecommerce-poc">
<kw name="New Page" owner="Browser">
<msg time="2025-04-01T15:21:05.359470" level="INFO">Successfully initialized new page object and opened url: https://automationexercise.com/</msg>
<msg time="2025-04-01T15:21:05.359470" level="INFO" html="true">&lt;/td&gt;&lt;/tr&gt;&lt;tr&gt;&lt;td colspan="3"&gt;&lt;video width="1200" height="800" controls&gt;&lt;source src="evidencies/videos/01-04-2025_152058/086c104059d7b0e5bb0f755203458c6f.webm" type="video/webm"&gt;&lt;/video&gt;</msg>
<arg>url=${SITE_AUTOMATION_EXERCISE}</arg>
<arg>wait_until=load</arg>
<tag>BrowserControl</tag>
<tag>Setter</tag>
<doc>Open a new Page.</doc>
<status status="PASS" start="2025-04-01T15:20:58.451992" elapsed="6.907478"/>
</kw>
<kw name="Get Title" owner="Browser">
<msg time="2025-04-01T15:21:05.368472" level="INFO">Title: 'Automation Exercise'</msg>
<arg>==</arg>
<arg>Automation Exercise</arg>
<tag>Assertion</tag>
<tag>Getter</tag>
<tag>PageContent</tag>
<doc>Returns the title of the current page.</doc>
<status status="PASS" start="2025-04-01T15:21:05.362469" elapsed="0.006319"/>
</kw>
<status status="PASS" start="2025-04-01T15:20:58.445998" elapsed="6.923474"/>
</kw>
<kw name="Go to login/signup page" owner="ecommerce-poc">
<kw name="Click" owner="Browser">
<msg time="2025-04-01T15:21:05.369472" level="INFO">Clicks the element 'css=a[href="/login"]'.</msg>
<arg>css=a[href="/login"]</arg>
<tag>PageContent</tag>
<tag>Setter</tag>
<doc>Simulates mouse click on the element found by ``selector``.</doc>
<status status="PASS" start="2025-04-01T15:21:05.369472" elapsed="1.032951"/>
</kw>
<status status="PASS" start="2025-04-01T15:21:05.369472" elapsed="1.032951"/>
</kw>
<kw name="Perform signup" owner="ecommerce-poc">
<kw name="Email" owner="FakerLibrary">
<msg time="2025-04-01T15:21:06.413339" level="INFO">${EMAIL} = donnalynch@example.net</msg>
<var>${EMAIL}</var>
<status status="PASS" start="2025-04-01T15:21:06.411332" elapsed="0.002007"/>
</kw>
<kw name="Fill Text" owner="Browser">
<msg time="2025-04-01T15:21:06.419441" level="INFO">Fills the text 'Leonardo Fidelis' in the given field.</msg>
<arg>input[data-qa="signup-name"]</arg>
<arg>Leonardo Fidelis</arg>
<tag>PageContent</tag>
<tag>Setter</tag>
<doc>Clears and fills the given ``txt`` into the text field found by ``selector``.</doc>
<status status="PASS" start="2025-04-01T15:21:06.415343" elapsed="0.027097"/>
</kw>
<kw name="Fill Text" owner="Browser">
<msg time="2025-04-01T15:21:06.453510" level="INFO">Fills the text 'donnalynch@example.net' in the given field.</msg>
<arg>input[data-qa="signup-email"]</arg>
<arg>${EMAIL}</arg>
<tag>PageContent</tag>
<tag>Setter</tag>
<doc>Clears and fills the given ``txt`` into the text field found by ``selector``.</doc>
<status status="PASS" start="2025-04-01T15:21:06.442440" elapsed="0.038336"/>
</kw>
<kw name="Click" owner="Browser">
<msg time="2025-04-01T15:21:06.487238" level="INFO">Clicks the element 'css=button[data-qa="signup-button"]'.</msg>
<arg>css=button[data-qa="signup-button"]</arg>
<tag>PageContent</tag>
<tag>Setter</tag>
<doc>Simulates mouse click on the element found by ``selector``.</doc>
<status status="PASS" start="2025-04-01T15:21:06.483781" elapsed="0.397776"/>
</kw>
<kw name="Check Checkbox" owner="Browser">
<arg>id=id_gender1</arg>
<tag>PageContent</tag>
<tag>Setter</tag>
<doc>Checks the checkbox or selects radio button found by ``selector``.</doc>
<status status="PASS" start="2025-04-01T15:21:06.881557" elapsed="0.087144"/>
</kw>
<kw name="Fill Text" owner="Browser">
<msg time="2025-04-01T15:21:06.969705" level="INFO">Fills the text 'P4ssw0rd' in the given field.</msg>
<arg>id=password</arg>
<arg>P4ssw0rd</arg>
<tag>PageContent</tag>
<tag>Setter</tag>
<doc>Clears and fills the given ``txt`` into the text field found by ``selector``.</doc>
<status status="PASS" start="2025-04-01T15:21:06.969705" elapsed="0.020875"/>
</kw>
<kw name="Select Options By" owner="Browser">
<msg time="2025-04-01T15:21:06.995682" level="INFO">Selects the option(s) 5 by attribute SelectAttribute.value from element id=days.</msg>
<arg>id=days</arg>
<arg>value</arg>
<arg>5</arg>
<tag>PageContent</tag>
<tag>Setter</tag>
<doc>Selects options from select element found by ``selector``.</doc>
<status status="PASS" start="2025-04-01T15:21:06.993676" elapsed="0.042072"/>
</kw>
<kw name="Select Options By" owner="Browser">
<msg time="2025-04-01T15:21:07.035748" level="INFO">Selects the option(s) 4 by attribute SelectAttribute.value from element id=months.</msg>
<arg>id=months</arg>
<arg>value</arg>
<arg>4</arg>
<tag>PageContent</tag>
<tag>Setter</tag>
<doc>Selects options from select element found by ``selector``.</doc>
<status status="PASS" start="2025-04-01T15:21:07.035748" elapsed="0.034680"/>
</kw>
<kw name="Select Options By" owner="Browser">
<msg time="2025-04-01T15:21:07.076279" level="INFO">Selects the option(s) 2000 by attribute SelectAttribute.value from element id=years.</msg>
<arg>id=years</arg>
<arg>value</arg>
<arg>2000</arg>
<tag>PageContent</tag>
<tag>Setter</tag>
<doc>Selects options from select element found by ``selector``.</doc>
<status status="PASS" start="2025-04-01T15:21:07.076279" elapsed="0.038105"/>
</kw>
<kw name="Check Checkbox" owner="Browser">
<arg>id=newsletter</arg>
<tag>PageContent</tag>
<tag>Setter</tag>
<doc>Checks the checkbox or selects radio button found by ``selector``.</doc>
<status status="PASS" start="2025-04-01T15:21:07.116182" elapsed="0.056391"/>
</kw>
<kw name="Check Checkbox" owner="Browser">
<arg>id=optin</arg>
<tag>PageContent</tag>
<tag>Setter</tag>
<doc>Checks the checkbox or selects radio button found by ``selector``.</doc>
<status status="PASS" start="2025-04-01T15:21:07.174580" elapsed="0.061585"/>
</kw>
<kw name="Fill Text" owner="Browser">
<msg time="2025-04-01T15:21:07.236921" level="INFO">Fills the text 'Leonardo' in the given field.</msg>
<arg>id=first_name</arg>
<arg>Leonardo</arg>
<tag>PageContent</tag>
<tag>Setter</tag>
<doc>Clears and fills the given ``txt`` into the text field found by ``selector``.</doc>
<status status="PASS" start="2025-04-01T15:21:07.236921" elapsed="0.021879"/>
</kw>
<kw name="Fill Text" owner="Browser">
<msg time="2025-04-01T15:21:07.258800" level="INFO">Fills the text 'Fidelis' in the given field.</msg>
<arg>id=last_name</arg>
<arg>Fidelis</arg>
<tag>PageContent</tag>
<tag>Setter</tag>
<doc>Clears and fills the given ``txt`` into the text field found by ``selector``.</doc>
<status status="PASS" start="2025-04-01T15:21:07.258800" elapsed="0.029911"/>
</kw>
<kw name="Fill Text" owner="Browser">
<msg time="2025-04-01T15:21:07.293978" level="INFO">Fills the text 'Valtech' in the given field.</msg>
<arg>id=company</arg>
<arg>Valtech</arg>
<tag>PageContent</tag>
<tag>Setter</tag>
<doc>Clears and fills the given ``txt`` into the text field found by ``selector``.</doc>
<status status="PASS" start="2025-04-01T15:21:07.290757" elapsed="0.012814"/>
</kw>
<kw name="Fill Text" owner="Browser">
<msg time="2025-04-01T15:21:07.303571" level="INFO">Fills the text '345, Leverage St' in the given field.</msg>
<arg>id=address1</arg>
<arg>345, Leverage St</arg>
<tag>PageContent</tag>
<tag>Setter</tag>
<doc>Clears and fills the given ``txt`` into the text field found by ``selector``.</doc>
<status status="PASS" start="2025-04-01T15:21:07.303571" elapsed="0.034834"/>
</kw>
<kw name="Select Options By" owner="Browser">
<msg time="2025-04-01T15:21:07.346182" level="INFO">Selects the option(s) Australia by attribute SelectAttribute.value from element id=country.</msg>
<arg>id=country</arg>
<arg>value</arg>
<arg>Australia</arg>
<tag>PageContent</tag>
<tag>Setter</tag>
<doc>Selects options from select element found by ``selector``.</doc>
<status status="PASS" start="2025-04-01T15:21:07.342539" elapsed="0.067584"/>
</kw>
<kw name="Fill Text" owner="Browser">
<msg time="2025-04-01T15:21:07.414130" level="INFO">Fills the text 'Queensland' in the given field.</msg>
<arg>id=state</arg>
<arg>Queensland</arg>
<tag>PageContent</tag>
<tag>Setter</tag>
<doc>Clears and fills the given ``txt`` into the text field found by ``selector``.</doc>
<status status="PASS" start="2025-04-01T15:21:07.412124" elapsed="0.029168"/>
</kw>
<kw name="Fill Text" owner="Browser">
<msg time="2025-04-01T15:21:07.445667" level="INFO">Fills the text 'Brisbane' in the given field.</msg>
<arg>id=city</arg>
<arg>Brisbane</arg>
<tag>PageContent</tag>
<tag>Setter</tag>
<doc>Clears and fills the given ``txt`` into the text field found by ``selector``.</doc>
<status status="PASS" start="2025-04-01T15:21:07.443665" elapsed="0.025323"/>
</kw>
<kw name="Fill Text" owner="Browser">
<msg time="2025-04-01T15:21:07.475108" level="INFO">Fills the text '123458' in the given field.</msg>
<arg>id=zipcode</arg>
<arg>123458</arg>
<tag>PageContent</tag>
<tag>Setter</tag>
<doc>Clears and fills the given ``txt`` into the text field found by ``selector``.</doc>
<status status="PASS" start="2025-04-01T15:21:07.472102" elapsed="0.025519"/>
</kw>
<kw name="Fill Text" owner="Browser">
<msg time="2025-04-01T15:21:07.505975" level="INFO">Fills the text '12345678900' in the given field.</msg>
<arg>id=mobile_number</arg>
<arg>12345678900</arg>
<tag>PageContent</tag>
<tag>Setter</tag>
<doc>Clears and fills the given ``txt`` into the text field found by ``selector``.</doc>
<status status="PASS" start="2025-04-01T15:21:07.501904" elapsed="0.052175"/>
</kw>
<kw name="Click" owner="Browser">
<msg time="2025-04-01T15:21:07.558292" level="INFO">Clicks the element 'css=button[data-qa="create-account"]'.</msg>
<arg>css=button[data-qa="create-account"]</arg>
<tag>PageContent</tag>
<tag>Setter</tag>
<doc>Simulates mouse click on the element found by ``selector``.</doc>
<status status="PASS" start="2025-04-01T15:21:07.556837" elapsed="0.903084"/>
</kw>
<kw name="Get Title" owner="Browser">
<msg time="2025-04-01T15:21:08.471498" level="INFO">Title: 'Automation Exercise - Account Created'</msg>
<arg>==</arg>
<arg>Automation Exercise - Account Created</arg>
<tag>Assertion</tag>
<tag>Getter</tag>
<tag>PageContent</tag>
<doc>Returns the title of the current page.</doc>
<status status="PASS" start="2025-04-01T15:21:08.459921" elapsed="0.011577"/>
</kw>
<kw name="Get Text" owner="Browser">
<msg time="2025-04-01T15:21:08.502762" level="INFO">Text: 'ACCOUNT CREATED!'</msg>
<arg>css=h2[data-qa="account-created"]</arg>
<arg>==</arg>
<arg>ACCOUNT CREATED!</arg>
<tag>Assertion</tag>
<tag>Getter</tag>
<tag>PageContent</tag>
<doc>Returns text attribute of the element found by ``selector``.</doc>
<status status="PASS" start="2025-04-01T15:21:08.474290" elapsed="0.028472"/>
</kw>
<status status="PASS" start="2025-04-01T15:21:06.402423" elapsed="2.100339"/>
</kw>
<status status="PASS" start="2025-04-01T15:20:57.606048" elapsed="10.896714"/>
</test>
<test id="s1-s1-t2" name="Ecommerce user flow" line="12">
<kw name="Open web browser" owner="ecommerce-poc">
<kw name="New Browser" owner="Browser">
<msg time="2025-04-01T15:21:09.054816" level="INFO">Switching browser to browser=1e59981d-e297-40e2-a4f8-a6144a8ff5cf</msg>
<msg time="2025-04-01T15:21:09.054816" level="INFO">Successfully changed active browser: browser=1e59981d-e297-40e2-a4f8-a6144a8ff5cf</msg>
<msg time="2025-04-01T15:21:09.054816" level="INFO">Reusing existing browser with id: browser=1e59981d-e297-40e2-a4f8-a6144a8ff5cf</msg>
<arg>browser=${BROWSER}</arg>
<arg>headless=${HEADLESS}</arg>
<tag>BrowserControl</tag>
<tag>Setter</tag>
<doc>Create a new playwright Browser with specified options.</doc>
<status status="PASS" start="2025-04-01T15:21:09.054816" elapsed="0.000000"/>
</kw>
<kw name="Uuid 4" owner="FakerLibrary">
<msg time="2025-04-01T15:21:09.054816" level="INFO">${TRACE_NAME} = e8986267-0fc5-469f-8f98-fe204b5fe9a4</msg>
<var>${TRACE_NAME}</var>
<doc>Generate a random UUID4 object and cast it to another type if specified using a callable ``cast_to``.</doc>
<status status="PASS" start="2025-04-01T15:21:09.054816" elapsed="0.000000"/>
</kw>
<kw name="Get Current Date" owner="DateTime">
<msg time="2025-04-01T15:21:09.054816" level="INFO">${NOW} = 01-04-2025_152109</msg>
<var>${NOW}</var>
<arg>result_format=%d-%m-%Y_%H%M%S</arg>
<doc>Returns current local or UTC time with an optional increment.</doc>
<status status="PASS" start="2025-04-01T15:21:09.054816" elapsed="0.000000"/>
</kw>
<kw name="Create Dictionary" owner="BuiltIn">
<msg time="2025-04-01T15:21:09.054816" level="INFO">&amp;{recordVideo} = { dir=C:\Users\leonardo.fidelis\OneDrive - Valtech\Documents\rf_browser_poc/evidencies/videos/01-04-2025_152109 }</msg>
<var>&amp;{recordVideo}</var>
<arg>dir=${OUTPUT_DIR}/evidencies/videos/${NOW}</arg>
<doc>Creates and returns a dictionary based on the given ``items``.</doc>
<status status="PASS" start="2025-04-01T15:21:09.054816" elapsed="0.000000"/>
</kw>
<kw name="New Context" owner="Browser">
<msg time="2025-04-01T15:21:09.054816" level="INFO">{
  "acceptDownloads": true,
  "bypassCSP": false,
  "forcedColors": "none",
  "ignoreHTTPSErrors": false,
  "javaScriptEnabled": true,
  "offline": false,
  "recordVideo": {
    "dir": "C:\\Users\\leonardo.fidelis\\OneDrive - Valtech\\Documents\\rf_browser_poc\\evidencies\\videos\\01-04-2025_152109",
    "size": {
      "width": 1200,
      "height": 800
    }
  },
  "reducedMotion": "no-preference",
  "serviceWorkers": "allow",
  "tracing": "C:\\Users\\leonardo.fidelis\\OneDrive - Valtech\\Documents\\rf_browser_poc/evidencies/traces/01-04-2025_152109/e8986267-0fc5-469f-8f98-fe204b5fe9a4.zip",
  "viewport": {
    "width": 1200,
    "height": 800
  }
}</msg>
<msg time="2025-04-01T15:21:09.076153" level="INFO">Successfully created context and trace file will be saved to: C:\Users\leonardo.fidelis\OneDrive - Valtech\Documents\rf_browser_poc\evidencies\traces\01-04-2025_152109\e8986267-0fc5-469f-8f98-fe204b5fe9a4.zip</msg>
<msg time="2025-04-01T15:21:09.076153" level="INFO">{'acceptDownloads': True, 'bypassCSP': False, 'forcedColors': 'none', 'ignoreHTTPSErrors': False, 'javaScriptEnabled': True, 'offline': False, 'recordVideo': {'dir': 'C:\\Users\\leonardo.fidelis\\OneDrive - Valtech\\Documents\\rf_browser_poc\\evidencies\\videos\\01-04-2025_152109', 'size': {'width': 1200, 'height': 800}}, 'reducedMotion': 'no-preference', 'serviceWorkers': 'allow', 'tracing': 'C:\\Users\\leonardo.fidelis\\OneDrive - Valtech\\Documents\\rf_browser_poc/evidencies/traces/01-04-2025_152109/e8986267-0fc5-469f-8f98-fe204b5fe9a4.zip', 'viewport': {'width': 1200, 'height': 800}, 'trace': {'screenshots': True, 'snapshots': True}}</msg>
<arg>viewport={'width': 1200, 'height': 800}</arg>
<arg>tracing=${OUTPUT_DIR}/evidencies/traces/${NOW}/${TRACE_NAME}.zip</arg>
<arg>recordVideo=${recordVideo}</arg>
<tag>BrowserControl</tag>
<tag>Setter</tag>
<doc>Create a new BrowserContext with specified options.</doc>
<status status="PASS" start="2025-04-01T15:21:09.054816" elapsed="0.021337"/>
</kw>
<status status="PASS" start="2025-04-01T15:21:09.054816" elapsed="0.031888"/>
</kw>
<kw name="Go to ecommerce website" owner="ecommerce-poc">
<kw name="New Page" owner="Browser">
<msg time="2025-04-01T15:21:15.920384" level="INFO">Successfully initialized new page object and opened url: https://automationexercise.com/</msg>
<msg time="2025-04-01T15:21:15.920384" level="INFO" html="true">&lt;/td&gt;&lt;/tr&gt;&lt;tr&gt;&lt;td colspan="3"&gt;&lt;video width="1200" height="800" controls&gt;&lt;source src="evidencies/videos/01-04-2025_152109/8556dfff839a19f4bbd6797182bb8763.webm" type="video/webm"&gt;&lt;/video&gt;</msg>
<arg>url=${SITE_AUTOMATION_EXERCISE}</arg>
<arg>wait_until=load</arg>
<tag>BrowserControl</tag>
<tag>Setter</tag>
<doc>Open a new Page.</doc>
<status status="PASS" start="2025-04-01T15:21:09.094228" elapsed="6.826156"/>
</kw>
<kw name="Get Title" owner="Browser">
<msg time="2025-04-01T15:21:15.936556" level="INFO">Title: 'Automation Exercise'</msg>
<arg>==</arg>
<arg>Automation Exercise</arg>
<tag>Assertion</tag>
<tag>Getter</tag>
<tag>PageContent</tag>
<doc>Returns the title of the current page.</doc>
<status status="PASS" start="2025-04-01T15:21:15.936556" elapsed="0.000000"/>
</kw>
<status status="PASS" start="2025-04-01T15:21:09.089701" elapsed="6.846855"/>
</kw>
<kw name="Ecommerce flow" owner="ecommerce-poc">
<kw name="Scroll To" owner="Browser">
<msg time="2025-04-01T15:21:15.972274" level="INFO">JavaScript executed successfully.</msg>
<msg time="2025-04-01T15:21:15.972274" level="INFO">JavaScript executed successfully.</msg>
<msg time="2025-04-01T15:21:15.986616" level="INFO">JavaScript executed successfully.</msg>
<msg time="2025-04-01T15:21:15.986616" level="INFO">JavaScript executed successfully.</msg>
<msg time="2025-04-01T15:21:16.016322" level="INFO">JavaScript executed successfully.</msg>
<arg>vertical=50%</arg>
<tag>PageContent</tag>
<tag>Setter</tag>
<doc>Scrolls an element or the page to an absolute position based on given coordinates.</doc>
<status status="PASS" start="2025-04-01T15:21:15.936556" elapsed="0.080767"/>
</kw>
<kw name="Click" owner="Browser">
<msg time="2025-04-01T15:21:16.022322" level="INFO">Clicks the element 'css=a[href="/product_details/24"]'.</msg>
<arg>css=a[href="/product_details/24"]</arg>
<tag>PageContent</tag>
<tag>Setter</tag>
<doc>Simulates mouse click on the element found by ``selector``.</doc>
<status status="PASS" start="2025-04-01T15:21:16.019322" elapsed="1.008059"/>
</kw>
<kw name="Fill Text" owner="Browser">
<msg time="2025-04-01T15:21:17.040538" level="INFO">Fills the text '30' in the given field.</msg>
<arg>id=quantity</arg>
<arg>30</arg>
<tag>PageContent</tag>
<tag>Setter</tag>
<doc>Clears and fills the given ``txt`` into the text field found by ``selector``.</doc>
<status status="PASS" start="2025-04-01T15:21:17.029467" elapsed="0.078447"/>
</kw>
<kw name="Click" owner="Browser">
<msg time="2025-04-01T15:21:17.107914" level="INFO">Clicks the element 'css=button[type="button"]'.</msg>
<arg>css=button[type="button"]</arg>
<tag>PageContent</tag>
<tag>Setter</tag>
<doc>Simulates mouse click on the element found by ``selector``.</doc>
<status status="PASS" start="2025-04-01T15:21:17.107914" elapsed="0.043983"/>
</kw>
<kw name="Click" owner="Browser">
<msg time="2025-04-01T15:21:17.153468" level="INFO">Clicks the element 'css=u'.</msg>
<arg>css=u</arg>
<tag>PageContent</tag>
<tag>Setter</tag>
<doc>Simulates mouse click on the element found by ``selector``.</doc>
<status status="PASS" start="2025-04-01T15:21:17.153468" elapsed="1.196187"/>
</kw>
<kw name="Click" owner="Browser">
<msg time="2025-04-01T15:21:18.357506" level="INFO">Clicks the element 'css=a[class="btn btn-default check_out"]'.</msg>
<arg>css=a[class="btn btn-default check_out"]</arg>
<tag>PageContent</tag>
<tag>Setter</tag>
<doc>Simulates mouse click on the element found by ``selector``.</doc>
<status status="PASS" start="2025-04-01T15:21:18.353506" elapsed="0.062509"/>
</kw>
<kw name="Click" owner="Browser">
<msg time="2025-04-01T15:21:18.420024" level="INFO">Clicks the element 'id=checkoutModal &gt;&gt; css=a[href="/login"]'.</msg>
<arg>id=checkoutModal &gt;&gt; css=a[href="/login"]</arg>
<tag>PageContent</tag>
<tag>Setter</tag>
<doc>Simulates mouse click on the element found by ``selector``.</doc>
<status status="PASS" start="2025-04-01T15:21:18.418020" elapsed="0.403948"/>
</kw>
<kw name="Perform signup" owner="ecommerce-poc">
<kw name="Email" owner="FakerLibrary">
<msg time="2025-04-01T15:21:18.831970" level="INFO">${EMAIL} = williamwheeler@example.net</msg>
<var>${EMAIL}</var>
<status status="PASS" start="2025-04-01T15:21:18.827968" elapsed="0.004002"/>
</kw>
<kw name="Fill Text" owner="Browser">
<msg time="2025-04-01T15:21:18.839541" level="INFO">Fills the text 'Leonardo Fidelis' in the given field.</msg>
<arg>input[data-qa="signup-name"]</arg>
<arg>Leonardo Fidelis</arg>
<tag>PageContent</tag>
<tag>Setter</tag>
<doc>Clears and fills the given ``txt`` into the text field found by ``selector``.</doc>
<status status="PASS" start="2025-04-01T15:21:18.833967" elapsed="0.027657"/>
</kw>
<kw name="Fill Text" owner="Browser">
<msg time="2025-04-01T15:21:18.861624" level="INFO">Fills the text 'williamwheeler@example.net' in the given field.</msg>
<arg>input[data-qa="signup-email"]</arg>
<arg>${EMAIL}</arg>
<tag>PageContent</tag>
<tag>Setter</tag>
<doc>Clears and fills the given ``txt`` into the text field found by ``selector``.</doc>
<status status="PASS" start="2025-04-01T15:21:18.861624" elapsed="0.011643"/>
</kw>
<kw name="Click" owner="Browser">
<msg time="2025-04-01T15:21:18.888008" level="INFO">Clicks the element 'css=button[data-qa="signup-button"]'.</msg>
<arg>css=button[data-qa="signup-button"]</arg>
<tag>PageContent</tag>
<tag>Setter</tag>
<doc>Simulates mouse click on the element found by ``selector``.</doc>
<status status="PASS" start="2025-04-01T15:21:18.873267" elapsed="0.372214"/>
</kw>
<kw name="Check Checkbox" owner="Browser">
<arg>id=id_gender1</arg>
<tag>PageContent</tag>
<tag>Setter</tag>
<doc>Checks the checkbox or selects radio button found by ``selector``.</doc>
<status status="PASS" start="2025-04-01T15:21:19.247957" elapsed="0.084702"/>
</kw>
<kw name="Fill Text" owner="Browser">
<msg time="2025-04-01T15:21:19.336639" level="INFO">Fills the text 'P4ssw0rd' in the given field.</msg>
<arg>id=password</arg>
<arg>P4ssw0rd</arg>
<tag>PageContent</tag>
<tag>Setter</tag>
<doc>Clears and fills the given ``txt`` into the text field found by ``selector``.</doc>
<status status="PASS" start="2025-04-01T15:21:19.334652" elapsed="0.001987"/>
</kw>
<kw name="Select Options By" owner="Browser">
<msg time="2025-04-01T15:21:19.353704" level="INFO">Selects the option(s) 5 by attribute SelectAttribute.value from element id=days.</msg>
<arg>id=days</arg>
<arg>value</arg>
<arg>5</arg>
<tag>PageContent</tag>
<tag>Setter</tag>
<doc>Selects options from select element found by ``selector``.</doc>
<status status="PASS" start="2025-04-01T15:21:19.353283" elapsed="0.038312"/>
</kw>
<kw name="Select Options By" owner="Browser">
<msg time="2025-04-01T15:21:19.395583" level="INFO">Selects the option(s) 4 by attribute SelectAttribute.value from element id=months.</msg>
<arg>id=months</arg>
<arg>value</arg>
<arg>4</arg>
<tag>PageContent</tag>
<tag>Setter</tag>
<doc>Selects options from select element found by ``selector``.</doc>
<status status="PASS" start="2025-04-01T15:21:19.393308" elapsed="0.028097"/>
</kw>
<kw name="Select Options By" owner="Browser">
<msg time="2025-04-01T15:21:19.421405" level="INFO">Selects the option(s) 2000 by attribute SelectAttribute.value from element id=years.</msg>
<arg>id=years</arg>
<arg>value</arg>
<arg>2000</arg>
<tag>PageContent</tag>
<tag>Setter</tag>
<doc>Selects options from select element found by ``selector``.</doc>
<status status="PASS" start="2025-04-01T15:21:19.421405" elapsed="0.044340"/>
</kw>
<kw name="Check Checkbox" owner="Browser">
<arg>id=newsletter</arg>
<tag>PageContent</tag>
<tag>Setter</tag>
<doc>Checks the checkbox or selects radio button found by ``selector``.</doc>
<status status="PASS" start="2025-04-01T15:21:19.467751" elapsed="0.042881"/>
</kw>
<kw name="Check Checkbox" owner="Browser">
<arg>id=optin</arg>
<tag>PageContent</tag>
<tag>Setter</tag>
<doc>Checks the checkbox or selects radio button found by ``selector``.</doc>
<status status="PASS" start="2025-04-01T15:21:19.521142" elapsed="0.081368"/>
</kw>
<kw name="Fill Text" owner="Browser">
<msg time="2025-04-01T15:21:19.604038" level="INFO">Fills the text 'Leonardo' in the given field.</msg>
<arg>id=first_name</arg>
<arg>Leonardo</arg>
<tag>PageContent</tag>
<tag>Setter</tag>
<doc>Clears and fills the given ``txt`` into the text field found by ``selector``.</doc>
<status status="PASS" start="2025-04-01T15:21:19.604038" elapsed="0.019421"/>
</kw>
<kw name="Fill Text" owner="Browser">
<msg time="2025-04-01T15:21:19.623459" level="INFO">Fills the text 'Fidelis' in the given field.</msg>
<arg>id=last_name</arg>
<arg>Fidelis</arg>
<tag>PageContent</tag>
<tag>Setter</tag>
<doc>Clears and fills the given ``txt`` into the text field found by ``selector``.</doc>
<status status="PASS" start="2025-04-01T15:21:19.623459" elapsed="0.023908"/>
</kw>
<kw name="Fill Text" owner="Browser">
<msg time="2025-04-01T15:21:19.652393" level="INFO">Fills the text 'Valtech' in the given field.</msg>
<arg>id=company</arg>
<arg>Valtech</arg>
<tag>PageContent</tag>
<tag>Setter</tag>
<doc>Clears and fills the given ``txt`` into the text field found by ``selector``.</doc>
<status status="PASS" start="2025-04-01T15:21:19.647367" elapsed="0.024497"/>
</kw>
<kw name="Fill Text" owner="Browser">
<msg time="2025-04-01T15:21:19.671864" level="INFO">Fills the text '345, Leverage St' in the given field.</msg>
<arg>id=address1</arg>
<arg>345, Leverage St</arg>
<tag>PageContent</tag>
<tag>Setter</tag>
<doc>Clears and fills the given ``txt`` into the text field found by ``selector``.</doc>
<status status="PASS" start="2025-04-01T15:21:19.671864" elapsed="0.025343"/>
</kw>
<kw name="Select Options By" owner="Browser">
<msg time="2025-04-01T15:21:19.697207" level="INFO">Selects the option(s) Australia by attribute SelectAttribute.value from element id=country.</msg>
<arg>id=country</arg>
<arg>value</arg>
<arg>Australia</arg>
<tag>PageContent</tag>
<tag>Setter</tag>
<doc>Selects options from select element found by ``selector``.</doc>
<status status="PASS" start="2025-04-01T15:21:19.697207" elapsed="0.035644"/>
</kw>
<kw name="Fill Text" owner="Browser">
<msg time="2025-04-01T15:21:19.737363" level="INFO">Fills the text 'Queensland' in the given field.</msg>
<arg>id=state</arg>
<arg>Queensland</arg>
<tag>PageContent</tag>
<tag>Setter</tag>
<doc>Clears and fills the given ``txt`` into the text field found by ``selector``.</doc>
<status status="PASS" start="2025-04-01T15:21:19.734845" elapsed="0.028605"/>
</kw>
<kw name="Fill Text" owner="Browser">
<msg time="2025-04-01T15:21:19.768448" level="INFO">Fills the text 'Brisbane' in the given field.</msg>
<arg>id=city</arg>
<arg>Brisbane</arg>
<tag>PageContent</tag>
<tag>Setter</tag>
<doc>Clears and fills the given ``txt`` into the text field found by ``selector``.</doc>
<status status="PASS" start="2025-04-01T15:21:19.766451" elapsed="0.021543"/>
</kw>
<kw name="Fill Text" owner="Browser">
<msg time="2025-04-01T15:21:19.792992" level="INFO">Fills the text '123458' in the given field.</msg>
<arg>id=zipcode</arg>
<arg>123458</arg>
<tag>PageContent</tag>
<tag>Setter</tag>
<doc>Clears and fills the given ``txt`` into the text field found by ``selector``.</doc>
<status status="PASS" start="2025-04-01T15:21:19.790995" elapsed="0.022167"/>
</kw>
<kw name="Fill Text" owner="Browser">
<msg time="2025-04-01T15:21:19.817145" level="INFO">Fills the text '12345678900' in the given field.</msg>
<arg>id=mobile_number</arg>
<arg>12345678900</arg>
<tag>PageContent</tag>
<tag>Setter</tag>
<doc>Clears and fills the given ``txt`` into the text field found by ``selector``.</doc>
<status status="PASS" start="2025-04-01T15:21:19.815145" elapsed="0.023588"/>
</kw>
<kw name="Click" owner="Browser">
<msg time="2025-04-01T15:21:19.843143" level="INFO">Clicks the element 'css=button[data-qa="create-account"]'.</msg>
<arg>css=button[data-qa="create-account"]</arg>
<tag>PageContent</tag>
<tag>Setter</tag>
<doc>Simulates mouse click on the element found by ``selector``.</doc>
<status status="PASS" start="2025-04-01T15:21:19.841150" elapsed="0.747526"/>
</kw>
<kw name="Get Title" owner="Browser">
<msg time="2025-04-01T15:21:20.604128" level="INFO">Title: 'Automation Exercise - Account Created'</msg>
<arg>==</arg>
<arg>Automation Exercise - Account Created</arg>
<tag>Assertion</tag>
<tag>Getter</tag>
<tag>PageContent</tag>
<doc>Returns the title of the current page.</doc>
<status status="PASS" start="2025-04-01T15:21:20.595367" elapsed="0.008761"/>
</kw>
<kw name="Get Text" owner="Browser">
<msg time="2025-04-01T15:21:20.638772" level="INFO">Text: 'ACCOUNT CREATED!'</msg>
<arg>css=h2[data-qa="account-created"]</arg>
<arg>==</arg>
<arg>ACCOUNT CREATED!</arg>
<tag>Assertion</tag>
<tag>Getter</tag>
<tag>PageContent</tag>
<doc>Returns text attribute of the element found by ``selector``.</doc>
<status status="PASS" start="2025-04-01T15:21:20.610861" elapsed="0.027911"/>
</kw>
<status status="PASS" start="2025-04-01T15:21:18.824965" elapsed="1.815805"/>
</kw>
<kw name="Click" owner="Browser">
<msg time="2025-04-01T15:21:20.643770" level="INFO">Clicks the element 'css=a[data-qa="continue-button"]'.</msg>
<arg>css=a[data-qa="continue-button"]</arg>
<tag>PageContent</tag>
<tag>Setter</tag>
<doc>Simulates mouse click on the element found by ``selector``.</doc>
<status status="PASS" start="2025-04-01T15:21:20.641770" elapsed="0.404227"/>
</kw>
<kw name="Click" owner="Browser">
<msg time="2025-04-01T15:21:21.052408" level="INFO">Clicks the element 'css=.navbar-nav [href='/view_cart']'.</msg>
<arg>css=.navbar-nav [href='/view_cart']</arg>
<tag>PageContent</tag>
<tag>Setter</tag>
<doc>Simulates mouse click on the element found by ``selector``.</doc>
<status status="PASS" start="2025-04-01T15:21:21.049500" elapsed="0.899642"/>
</kw>
<kw name="Click" owner="Browser">
<msg time="2025-04-01T15:21:21.956613" level="INFO">Clicks the element 'id=do_action &gt;&gt; css=.check_out'.</msg>
<arg>id=do_action &gt;&gt; css=.check_out</arg>
<tag>PageContent</tag>
<tag>Setter</tag>
<doc>Simulates mouse click on the element found by ``selector``.</doc>
<status status="PASS" start="2025-04-01T15:21:21.953406" elapsed="0.661231"/>
</kw>
<kw name="Fill Text" owner="Browser">
<msg time="2025-04-01T15:21:22.623125" level="INFO">Fills the text 'I am writing a comment' in the given field.</msg>
<arg>css=.form-control</arg>
<arg>I am writing a comment</arg>
<tag>PageContent</tag>
<tag>Setter</tag>
<doc>Clears and fills the given ``txt`` into the text field found by ``selector``.</doc>
<status status="PASS" start="2025-04-01T15:21:22.620126" elapsed="0.023999"/>
</kw>
<kw name="Click" owner="Browser">
<msg time="2025-04-01T15:21:22.648132" level="INFO">Clicks the element 'css=a[href="/payment"]'.</msg>
<arg>css=a[href="/payment"]</arg>
<tag>PageContent</tag>
<tag>Setter</tag>
<doc>Simulates mouse click on the element found by ``selector``.</doc>
<status status="PASS" start="2025-04-01T15:21:22.646131" elapsed="1.177400"/>
</kw>
<kw name="Fill Text" owner="Browser">
<msg time="2025-04-01T15:21:23.830829" level="INFO">Fills the text 'User Tester' in the given field.</msg>
<arg>css=[data-qa="name-on-card"]</arg>
<arg>User Tester</arg>
<tag>PageContent</tag>
<tag>Setter</tag>
<doc>Clears and fills the given ``txt`` into the text field found by ``selector``.</doc>
<status status="PASS" start="2025-04-01T15:21:23.827154" elapsed="0.017184"/>
</kw>
<kw name="Fill Text" owner="Browser">
<msg time="2025-04-01T15:21:23.854105" level="INFO">Fills the text '123456789' in the given field.</msg>
<arg>css=[data-qa="card-number"]</arg>
<arg>123456789</arg>
<tag>PageContent</tag>
<tag>Setter</tag>
<doc>Clears and fills the given ``txt`` into the text field found by ``selector``.</doc>
<status status="PASS" start="2025-04-01T15:21:23.852511" elapsed="0.018179"/>
</kw>
<kw name="Fill Text" owner="Browser">
<msg time="2025-04-01T15:21:23.870690" level="INFO">Fills the text '123' in the given field.</msg>
<arg>css=[data-qa="cvc"]</arg>
<arg>123</arg>
<tag>PageContent</tag>
<tag>Setter</tag>
<doc>Clears and fills the given ``txt`` into the text field found by ``selector``.</doc>
<status status="PASS" start="2025-04-01T15:21:23.870690" elapsed="0.026201"/>
</kw>
<kw name="Fill Text" owner="Browser">
<msg time="2025-04-01T15:21:23.901012" level="INFO">Fills the text '12' in the given field.</msg>
<arg>css=[data-qa="expiry-month"]</arg>
<arg>12</arg>
<tag>PageContent</tag>
<tag>Setter</tag>
<doc>Clears and fills the given ``txt`` into the text field found by ``selector``.</doc>
<status status="PASS" start="2025-04-01T15:21:23.897822" elapsed="0.016404"/>
</kw>
<kw name="Fill Text" owner="Browser">
<msg time="2025-04-01T15:21:23.920815" level="INFO">Fills the text '2024' in the given field.</msg>
<arg>css=[data-qa="expiry-year"]</arg>
<arg>2024</arg>
<tag>PageContent</tag>
<tag>Setter</tag>
<doc>Clears and fills the given ``txt`` into the text field found by ``selector``.</doc>
<status status="PASS" start="2025-04-01T15:21:23.914226" elapsed="0.017522"/>
</kw>
<kw name="Click" owner="Browser">
<msg time="2025-04-01T15:21:23.937356" level="INFO">Clicks the element 'css=[data-qa="pay-button"]'.</msg>
<arg>css=[data-qa="pay-button"]</arg>
<tag>PageContent</tag>
<tag>Setter</tag>
<doc>Simulates mouse click on the element found by ``selector``.</doc>
<status status="PASS" start="2025-04-01T15:21:23.937356" elapsed="1.683566"/>
</kw>
<kw name="Get Text" owner="Browser">
<msg time="2025-04-01T15:21:25.658552" level="INFO">Text: 'ORDER PLACED!'</msg>
<arg>css=h2[data-qa="order-placed"]</arg>
<arg>==</arg>
<arg>ORDER PLACED!</arg>
<tag>Assertion</tag>
<tag>Getter</tag>
<tag>PageContent</tag>
<doc>Returns text attribute of the element found by ``selector``.</doc>
<status status="PASS" start="2025-04-01T15:21:25.625705" elapsed="0.032847"/>
</kw>
<kw name="Click" owner="Browser">
<msg time="2025-04-01T15:21:25.662553" level="INFO">Clicks the element 'css=[data-qa="continue-button"]'.</msg>
<arg>css=[data-qa="continue-button"]</arg>
<tag>PageContent</tag>
<tag>Setter</tag>
<doc>Simulates mouse click on the element found by ``selector``.</doc>
<status status="PASS" start="2025-04-01T15:21:25.660549" elapsed="0.395010"/>
</kw>
<kw name="Get Title" owner="Browser">
<msg time="2025-04-01T15:21:26.099875" level="INFO">Title: 'Automation Exercise'</msg>
<arg>==</arg>
<arg>Automation Exercise</arg>
<tag>Assertion</tag>
<tag>Getter</tag>
<tag>PageContent</tag>
<doc>Returns the title of the current page.</doc>
<status status="PASS" start="2025-04-01T15:21:26.060557" elapsed="0.039318"/>
</kw>
<kw name="Click" owner="Browser">
<msg time="2025-04-01T15:21:26.113007" level="INFO">Clicks the element 'css=[href="/logout"]'.</msg>
<arg>css=[href="/logout"]</arg>
<tag>PageContent</tag>
<tag>Setter</tag>
<doc>Simulates mouse click on the element found by ``selector``.</doc>
<status status="PASS" start="2025-04-01T15:21:26.104092" elapsed="1.132995"/>
</kw>
<kw name="Perform login" owner="ecommerce-poc">
<kw name="Fill Text" owner="Browser">
<msg time="2025-04-01T15:21:27.237087" level="INFO">Fills the text 'usertester@email.com' in the given field.</msg>
<arg>css=[data-qa="login-email"]</arg>
<arg>usertester@email.com</arg>
<tag>PageContent</tag>
<tag>Setter</tag>
<doc>Clears and fills the given ``txt`` into the text field found by ``selector``.</doc>
<status status="PASS" start="2025-04-01T15:21:27.237087" elapsed="0.027407"/>
</kw>
<kw name="Fill Text" owner="Browser">
<msg time="2025-04-01T15:21:27.268345" level="INFO">Fills the text 'p4ssw0rd' in the given field.</msg>
<arg>css=[data-qa="login-password"]</arg>
<arg>p4ssw0rd</arg>
<tag>PageContent</tag>
<tag>Setter</tag>
<doc>Clears and fills the given ``txt`` into the text field found by ``selector``.</doc>
<status status="PASS" start="2025-04-01T15:21:27.266492" elapsed="0.003788"/>
</kw>
<kw name="Click" owner="Browser">
<msg time="2025-04-01T15:21:27.270280" level="INFO">Clicks the element 'css=[data-qa="login-button"]'.</msg>
<arg>css=[data-qa="login-button"]</arg>
<tag>PageContent</tag>
<tag>Setter</tag>
<doc>Simulates mouse click on the element found by ``selector``.</doc>
<status status="PASS" start="2025-04-01T15:21:27.270280" elapsed="0.809126"/>
</kw>
<kw name="Get Text" owner="Browser">
<msg time="2025-04-01T15:21:28.146151" level="INFO">Text: ' Logout'</msg>
<arg>css=[href="/logout"]</arg>
<arg>*=</arg>
<arg>Logout</arg>
<tag>Assertion</tag>
<tag>Getter</tag>
<tag>PageContent</tag>
<doc>Returns text attribute of the element found by ``selector``.</doc>
<status status="PASS" start="2025-04-01T15:21:28.083407" elapsed="0.062744"/>
</kw>
<status status="PASS" start="2025-04-01T15:21:27.237087" elapsed="0.909064"/>
</kw>
<kw name="Click" owner="Browser">
<msg time="2025-04-01T15:21:28.152573" level="INFO">Clicks the element 'css=[href="/contact_us"]'.</msg>
<arg>css=[href="/contact_us"]</arg>
<tag>PageContent</tag>
<tag>Setter</tag>
<doc>Simulates mouse click on the element found by ``selector``.</doc>
<status status="PASS" start="2025-04-01T15:21:28.146151" elapsed="0.389672"/>
</kw>
<kw name="Get Title" owner="Browser">
<msg time="2025-04-01T15:21:28.582274" level="INFO">Title: 'Automation Exercise - Contact Us'</msg>
<arg>==</arg>
<arg>Automation Exercise - Contact Us</arg>
<tag>Assertion</tag>
<tag>Getter</tag>
<tag>PageContent</tag>
<doc>Returns the title of the current page.</doc>
<status status="PASS" start="2025-04-01T15:21:28.538828" elapsed="0.043446"/>
</kw>
<kw name="Fill Text" owner="Browser">
<msg time="2025-04-01T15:21:28.587143" level="INFO">Fills the text 'LeoFidelis' in the given field.</msg>
<arg>css=[data-qa="name"]</arg>
<arg>LeoFidelis</arg>
<tag>PageContent</tag>
<tag>Setter</tag>
<doc>Clears and fills the given ``txt`` into the text field found by ``selector``.</doc>
<status status="PASS" start="2025-04-01T15:21:28.584277" elapsed="0.024522"/>
</kw>
<kw name="Fill Text" owner="Browser">
<msg time="2025-04-01T15:21:28.613292" level="INFO">Fills the text 'usertester@email.com' in the given field.</msg>
<arg>css=[data-qa="email"]</arg>
<arg>usertester@email.com</arg>
<tag>PageContent</tag>
<tag>Setter</tag>
<doc>Clears and fills the given ``txt`` into the text field found by ``selector``.</doc>
<status status="PASS" start="2025-04-01T15:21:28.610218" elapsed="0.016083"/>
</kw>
<kw name="Fill Text" owner="Browser">
<msg time="2025-04-01T15:21:28.635960" level="INFO">Fills the text 'My order' in the given field.</msg>
<arg>css=[data-qa="subject"]</arg>
<arg>My order</arg>
<tag>PageContent</tag>
<tag>Setter</tag>
<doc>Clears and fills the given ``txt`` into the text field found by ``selector``.</doc>
<status status="PASS" start="2025-04-01T15:21:28.626301" elapsed="0.028324"/>
</kw>
<kw name="Fill Text" owner="Browser">
<msg time="2025-04-01T15:21:28.654625" level="INFO">Fills the text 'This is a test message to submit the form' in the given field.</msg>
<arg>css=[data-qa="message"]</arg>
<arg>This is a test message to submit the form</arg>
<tag>PageContent</tag>
<tag>Setter</tag>
<doc>Clears and fills the given ``txt`` into the text field found by ``selector``.</doc>
<status status="PASS" start="2025-04-01T15:21:28.654625" elapsed="0.027169"/>
</kw>
<kw name="Upload File By Selector" owner="Browser">
<arg>css=input[name="upload_file"]</arg>
<arg>requirements.txt</arg>
<tag>PageContent</tag>
<tag>Setter</tag>
<doc>Uploads file from ``path`` to file input element matched by selector.</doc>
<status status="PASS" start="2025-04-01T15:21:28.684337" elapsed="0.019266"/>
</kw>
<kw name="Promise To" owner="Browser">
<arg>Wait For Alert</arg>
<arg>action=accept</arg>
<tag>Wait</tag>
<doc>Wrap a Browser library keyword and make it a promise.</doc>
<status status="PASS" start="2025-04-01T15:21:28.703603" elapsed="0.008166"/>
</kw>
<kw name="Wait For Load State" owner="Browser">
<msg time="2025-04-01T15:21:28.715779" level="INFO">Waiting page load to state to receive domcontentloaded in 2000.0</msg>
<msg time="2025-04-01T15:21:29.233225" level="INFO">Load state domcontentloaded got in 2000</msg>
<arg>domcontentloaded</arg>
<arg>timeout=2s</arg>
<tag>PageContent</tag>
<tag>Wait</tag>
<doc>Waits that the page reaches the required load state.</doc>
<status status="PASS" start="2025-04-01T15:21:28.715779" elapsed="0.517446"/>
</kw>
<kw name="Click" owner="Browser">
<msg time="2025-04-01T15:21:29.237667" level="INFO">Clicks the element 'xpath=//input[@name='submit']'.</msg>
<arg>xpath=//input[@name='submit']</arg>
<tag>PageContent</tag>
<tag>Setter</tag>
<doc>Simulates mouse click on the element found by ``selector``.</doc>
<status status="PASS" start="2025-04-01T15:21:29.237334" elapsed="0.051521"/>
</kw>
<kw name="Get Text" owner="Browser">
<msg time="2025-04-01T15:21:29.444145" level="INFO">Text: 'Success! Your details have been submitted successfully.'</msg>
<arg>css=[class="status alert alert-success"]</arg>
<arg>*=</arg>
<arg>Success!</arg>
<tag>Assertion</tag>
<tag>Getter</tag>
<tag>PageContent</tag>
<doc>Returns text attribute of the element found by ``selector``.</doc>
<status status="PASS" start="2025-04-01T15:21:29.288855" elapsed="0.155290"/>
</kw>
<kw name="Click" owner="Browser">
<msg time="2025-04-01T15:21:29.451169" level="INFO">Clicks the element 'css=[href="/logout"]'.</msg>
<arg>css=[href="/logout"]</arg>
<tag>PageContent</tag>
<tag>Setter</tag>
<doc>Simulates mouse click on the element found by ``selector``.</doc>
<status status="PASS" start="2025-04-01T15:21:29.447146" elapsed="0.672628"/>
</kw>
<kw name="Get Text" owner="Browser">
<msg time="2025-04-01T15:21:30.136861" level="INFO">Text: ' Signup / Login'</msg>
<arg>css=[href="/login"]</arg>
<arg>*=</arg>
<arg>Login</arg>
<tag>Assertion</tag>
<tag>Getter</tag>
<tag>PageContent</tag>
<doc>Returns text attribute of the element found by ``selector``.</doc>
<status status="PASS" start="2025-04-01T15:21:30.123128" elapsed="0.013733"/>
</kw>
<status status="PASS" start="2025-04-01T15:21:15.936556" elapsed="14.200305"/>
</kw>
<status status="PASS" start="2025-04-01T15:21:09.054816" elapsed="21.082045"/>
</test>
<kw name="Close Browser" owner="Browser" type="TEARDOWN">
<msg time="2025-04-01T15:21:31.492110" level="INFO">Closed all browsers</msg>
<arg>ALL</arg>
<tag>BrowserControl</tag>
<tag>Setter</tag>
<doc>Closes the current browser.</doc>
<status status="PASS" start="2025-04-01T15:21:31.213397" elapsed="0.278713"/>
</kw>
<status status="PASS" start="2025-04-01T15:20:57.244918" elapsed="34.247192"/>
</suite>
<status status="PASS" start="2025-04-01T15:20:57.213342" elapsed="34.311796"/>
</suite>
<statistics>
<total>
<stat pass="2" fail="0" skip="0">All Tests</stat>
</total>
<tag>
</tag>
<suite>
<stat pass="2" fail="0" skip="0" id="s1" name="Tests">Tests</stat>
<stat pass="2" fail="0" skip="0" id="s1-s1" name="Ecommerce-Poc">Tests.Ecommerce-Poc</stat>
</suite>
</statistics>
<errors>
<msg time="2025-04-01T15:21:30.151602" level="WARN">Waiting unresolved promises at the end of test 'Ecommerce user flow'</msg>
</errors>
</robot>
